0 silly argv {
0 silly argv   _: [ 'version' ],
0 silly argv   'force-publish': true,
0 silly argv   forcePublish: true,
0 silly argv   'commit-hooks': false,
0 silly argv   commitHooks: false,
0 silly argv   yes: true,
0 silly argv   y: true,
0 silly argv   push: false,
0 silly argv   m: 'Bump version to: %s [skip ci]',
0 silly argv   message: 'Bump version to: %s [skip ci]',
0 silly argv   lernaVersion: '6.4.1',
0 silly argv   '$0': '/Users/julianhahn/Desktop/storybook-test/node_modules/.bin/lerna',
0 silly argv   bump: '1.0.20'
0 silly argv }
1 notice cli v6.4.1
2 verbose rootPath /Users/julianhahn/Desktop/storybook-test
3 info current version 1.0.18
4 silly isAnythingCommitted
5 verbose isAnythingCommitted 1
6 silly getCurrentBranch
7 verbose currentBranch main
8 silly hasTags
9 verbose hasTags true
10 silly git-describe.sync "v1.0.7-5-g4347aa0" => {"lastTagName":"v1.0.7","lastVersion":"v1.0.7","refCount":"5","sha":"4347aa0","isDirty":false}
11 warn force-publish all packages
12 info Assuming all packages changed
13 verbose updated @jhahn678/mobile
14 verbose updated @jhahn678/web
15 info auto-confirmed
16 info execute Skipping git push
17 info execute Skipping releases
18 silly lifecycle No script for "preversion" in "@jhahn678/component-lib-test", continuing
19 silly lifecycle No script for "preversion" in "@jhahn678/mobile", continuing
20 silly lifecycle No script for "preversion" in "@jhahn678/web", continuing
21 verbose version @jhahn678/mobile has no lockfile. Skipping lockfile update.
22 verbose version @jhahn678/web has no lockfile. Skipping lockfile update.
23 silly lifecycle No script for "version" in "@jhahn678/mobile", continuing
24 silly lifecycle No script for "version" in "@jhahn678/web", continuing
25 silly lifecycle No script for "version" in "@jhahn678/component-lib-test", continuing
26 silly gitAdd [ 'build/mobile/package.json', 'build/web/package.json', 'lerna.json' ]
27 error Error: Command failed with exit code 1: git add -- build/mobile/package.json build/web/package.json lerna.json
27 error The following paths are ignored by one of your .gitignore files:
27 error build
27 error hint: Use -f if you really want to add them.
27 error hint: Turn this message off by running
27 error hint: "git config advice.addIgnoredFile false"
27 error     at makeError (/Users/julianhahn/Desktop/storybook-test/node_modules/execa/lib/error.js:60:11)
27 error     at handlePromise (/Users/julianhahn/Desktop/storybook-test/node_modules/execa/index.js:118:26)
27 error     at processTicksAndRejections (node:internal/process/task_queues:96:5)
27 error     at async Promise.all (index 0)
